{"C:\\CEDT Series\\SWLab\\SEProject\\se-project-be-68-2-kingoporii\\controllers\\reviews.js": {"path":"C:\\CEDT Series\\SWLab\\SEProject\\se-project-be-68-2-kingoporii\\controllers\\reviews.js","statementMap":{"0":{"start":{"line":1,"column":15},"end":{"line":1,"column":42}},"1":{"start":{"line":2,"column":14},"end":{"line":2,"column":40}},"2":{"start":{"line":3,"column":16},"end":{"line":3,"column":44}},"3":{"start":{"line":47,"column":0},"end":{"line":101,"column":2}},"4":{"start":{"line":48,"column":4},"end":{"line":100,"column":5}},"5":{"start":{"line":49,"column":22},"end":{"line":49,"column":62}},"6":{"start":{"line":50,"column":8},"end":{"line":55,"column":9}},"7":{"start":{"line":51,"column":12},"end":{"line":54,"column":15}},"8":{"start":{"line":58,"column":24},"end":{"line":58,"column":95}},"9":{"start":{"line":59,"column":8},"end":{"line":64,"column":9}},"10":{"start":{"line":60,"column":12},"end":{"line":63,"column":15}},"11":{"start":{"line":67,"column":25},"end":{"line":67,"column":95}},"12":{"start":{"line":68,"column":8},"end":{"line":73,"column":9}},"13":{"start":{"line":69,"column":12},"end":{"line":72,"column":15}},"14":{"start":{"line":76,"column":8},"end":{"line":81,"column":9}},"15":{"start":{"line":77,"column":12},"end":{"line":80,"column":15}},"16":{"start":{"line":84,"column":23},"end":{"line":89,"column":10}},"17":{"start":{"line":90,"column":8},"end":{"line":90,"column":62}},"18":{"start":{"line":92,"column":8},"end":{"line":92,"column":31}},"19":{"start":{"line":93,"column":8},"end":{"line":95,"column":9}},"20":{"start":{"line":94,"column":12},"end":{"line":94,"column":82}},"21":{"start":{"line":96,"column":8},"end":{"line":98,"column":9}},"22":{"start":{"line":97,"column":12},"end":{"line":97,"column":109}},"23":{"start":{"line":99,"column":8},"end":{"line":99,"column":89}}},"fnMap":{"0":{"name":"(anonymous_0)","decl":{"start":{"line":47,"column":20},"end":{"line":47,"column":21}},"loc":{"start":{"line":47,"column":46},"end":{"line":101,"column":1}},"line":47}},"branchMap":{"0":{"loc":{"start":{"line":50,"column":8},"end":{"line":55,"column":9}},"type":"if","locations":[{"start":{"line":50,"column":8},"end":{"line":55,"column":9}},{"start":{},"end":{}}],"line":50},"1":{"loc":{"start":{"line":59,"column":8},"end":{"line":64,"column":9}},"type":"if","locations":[{"start":{"line":59,"column":8},"end":{"line":64,"column":9}},{"start":{},"end":{}}],"line":59},"2":{"loc":{"start":{"line":68,"column":8},"end":{"line":73,"column":9}},"type":"if","locations":[{"start":{"line":68,"column":8},"end":{"line":73,"column":9}},{"start":{},"end":{}}],"line":68},"3":{"loc":{"start":{"line":76,"column":8},"end":{"line":81,"column":9}},"type":"if","locations":[{"start":{"line":76,"column":8},"end":{"line":81,"column":9}},{"start":{},"end":{}}],"line":76},"4":{"loc":{"start":{"line":76,"column":12},"end":{"line":76,"column":78}},"type":"binary-expr","locations":[{"start":{"line":76,"column":12},"end":{"line":76,"column":42}},{"start":{"line":76,"column":46},"end":{"line":76,"column":78}}],"line":76},"5":{"loc":{"start":{"line":93,"column":8},"end":{"line":95,"column":9}},"type":"if","locations":[{"start":{"line":93,"column":8},"end":{"line":95,"column":9}},{"start":{},"end":{}}],"line":93},"6":{"loc":{"start":{"line":96,"column":8},"end":{"line":98,"column":9}},"type":"if","locations":[{"start":{"line":96,"column":8},"end":{"line":98,"column":9}},{"start":{},"end":{}}],"line":96}},"s":{"0":1,"1":1,"2":1,"3":1,"4":8,"5":8,"6":8,"7":1,"8":7,"9":7,"10":1,"11":6,"12":6,"13":1,"14":5,"15":1,"16":4,"17":1,"18":3,"19":3,"20":1,"21":2,"22":1,"23":1},"f":{"0":8},"b":{"0":[1,7],"1":[1,6],"2":[1,5],"3":[1,4],"4":[5,5],"5":[1,2],"6":[1,1]},"_coverageSchema":"1a1c01bbd47fc00a2c39e90264f33305004495a9","hash":"ca88cce095da1dcf20287cef2dceb7c24ddd87ec"}
,"C:\\CEDT Series\\SWLab\\SEProject\\se-project-be-68-2-kingoporii\\controllers\\roomservices.js": {"path":"C:\\CEDT Series\\SWLab\\SEProject\\se-project-be-68-2-kingoporii\\controllers\\roomservices.js","statementMap":{"0":{"start":{"line":3,"column":20},"end":{"line":3,"column":52}},"1":{"start":{"line":4,"column":16},"end":{"line":4,"column":44}},"2":{"start":{"line":5,"column":14},"end":{"line":5,"column":40}},"3":{"start":{"line":8,"column":0},"end":{"line":37,"column":2}},"4":{"start":{"line":9,"column":2},"end":{"line":36,"column":3}},"5":{"start":{"line":10,"column":68},"end":{"line":10,"column":76}},"6":{"start":{"line":11,"column":20},"end":{"line":11,"column":58}},"7":{"start":{"line":14,"column":4},"end":{"line":19,"column":5}},"8":{"start":{"line":15,"column":20},"end":{"line":15,"column":49}},"9":{"start":{"line":16,"column":6},"end":{"line":18,"column":7}},"10":{"start":{"line":17,"column":8},"end":{"line":17,"column":84}},"11":{"start":{"line":21,"column":20},"end":{"line":28,"column":6}},"12":{"start":{"line":30,"column":4},"end":{"line":33,"column":7}},"13":{"start":{"line":35,"column":4},"end":{"line":35,"column":65}}},"fnMap":{"0":{"name":"(anonymous_0)","decl":{"start":{"line":8,"column":28},"end":{"line":8,"column":29}},"loc":{"start":{"line":8,"column":48},"end":{"line":37,"column":1}},"line":8}},"branchMap":{"0":{"loc":{"start":{"line":11,"column":20},"end":{"line":11,"column":58}},"type":"binary-expr","locations":[{"start":{"line":11,"column":20},"end":{"line":11,"column":38}},{"start":{"line":11,"column":42},"end":{"line":11,"column":58}}],"line":11},"1":{"loc":{"start":{"line":14,"column":4},"end":{"line":19,"column":5}},"type":"if","locations":[{"start":{"line":14,"column":4},"end":{"line":19,"column":5}},{"start":{},"end":{}}],"line":14},"2":{"loc":{"start":{"line":16,"column":6},"end":{"line":18,"column":7}},"type":"if","locations":[{"start":{"line":16,"column":6},"end":{"line":18,"column":7}},{"start":{},"end":{}}],"line":16},"3":{"loc":{"start":{"line":22,"column":13},"end":{"line":22,"column":28}},"type":"binary-expr","locations":[{"start":{"line":22,"column":13},"end":{"line":22,"column":20}},{"start":{"line":22,"column":24},"end":{"line":22,"column":28}}],"line":22},"4":{"loc":{"start":{"line":27,"column":14},"end":{"line":27,"column":35}},"type":"binary-expr","locations":[{"start":{"line":27,"column":14},"end":{"line":27,"column":20}},{"start":{"line":27,"column":24},"end":{"line":27,"column":35}}],"line":27}},"s":{"0":1,"1":1,"2":1,"3":1,"4":4,"5":4,"6":4,"7":4,"8":3,"9":2,"10":1,"11":2,"12":2,"13":1},"f":{"0":4},"b":{"0":[4,1],"1":[3,1],"2":[1,1],"3":[2,1],"4":[2,1]},"_coverageSchema":"1a1c01bbd47fc00a2c39e90264f33305004495a9","hash":"565d0ecddb84fd926a3d29c4f4bcdeced02453e6"}
}
