TN:
SF:controllers\reviews.js
FN:47,(anonymous_0)
FNF:1
FNH:1
FNDA:8,(anonymous_0)
DA:1,1
DA:2,1
DA:3,1
DA:47,1
DA:48,8
DA:49,8
DA:50,8
DA:51,1
DA:58,7
DA:59,7
DA:60,1
DA:67,6
DA:68,6
DA:69,1
DA:76,5
DA:77,1
DA:84,4
DA:90,1
DA:92,3
DA:93,3
DA:94,1
DA:96,2
DA:97,1
DA:99,1
LF:24
LH:24
BRDA:50,0,0,1
BRDA:50,0,1,7
BRDA:59,1,0,1
BRDA:59,1,1,6
BRDA:68,2,0,1
BRDA:68,2,1,5
BRDA:76,3,0,1
BRDA:76,3,1,4
BRDA:76,4,0,5
BRDA:76,4,1,5
BRDA:93,5,0,1
BRDA:93,5,1,2
BRDA:96,6,0,1
BRDA:96,6,1,1
BRF:14
BRH:14
end_of_record
TN:
SF:controllers\roomservices.js
FN:8,(anonymous_0)
FNF:1
FNH:1
FNDA:4,(anonymous_0)
DA:3,1
DA:4,1
DA:5,1
DA:8,1
DA:9,4
DA:10,4
DA:11,4
DA:14,4
DA:15,3
DA:16,2
DA:17,1
DA:21,2
DA:30,2
DA:35,1
LF:14
LH:14
BRDA:11,0,0,4
BRDA:11,0,1,1
BRDA:14,1,0,3
BRDA:14,1,1,1
BRDA:16,2,0,1
BRDA:16,2,1,1
BRDA:22,3,0,2
BRDA:22,3,1,1
BRDA:27,4,0,2
BRDA:27,4,1,1
BRF:10
BRH:10
end_of_record
